{"name": "The user should be able to assign rate to the carrier sucessfully -- @1.1 ", "status": "broken", "statusDetails": {"message": "selenium.common.exceptions.NoSuchWindowException: Message: no such window: target window already closed\nfrom unknown error: web view not found\n  (Session info: chrome=114.0.5735.199)\nStacktrace:\nBacktrace:\n\tGetHandleVerifier [0x010BA813+48355]\n\t(No symbol) [0x0104C4B1]\n\t(No symbol) [0x00F55358]\n\t(No symbol) [0x00F3D293]\n\t(No symbol) [0x00F9E37B]\n\t(No symbol) [0x00FAC473]\n\t(No symbol) [0x00F9A536]\n\t(No symbol) [0x00F782DC]\n\t(No symbol) [0x00F793DD]\n\tGetHandleVerifier [0x0131AABD+2539405]\n\tGetHandleVerifier [0x0135A78F+2800735]\n\tGetHandleVerifier [0x0135456C+2775612]\n\tGetHandleVerifier [0x011451E0+616112]\n\t(No symbol) [0x01055F8C]\n\t(No symbol) [0x01052328]\n\t(No symbol) [0x0105240B]\n\t(No symbol) [0x01044FF7]\n\tBaseThreadInitThunk [0x76476839+25]\n\tRtlGetFullPathName_UEx [0x7708906F+1215]\n\tRtlGetFullPathName_UEx [0x7708903D+1165]\n\n", "trace": "  File \"C:\\Users\\akankshyad\\AppData\\Local\\Programs\\Python\\Python310\\lib\\site-packages\\behave\\runner.py\", line 545, in run_hook\n    self.hooks[name](context, *args)\n  File \"Features\\environment.py\", line 75, in after_step\n    allure.attach(context.driver.get_screenshot_as_png(), name=\"screenshot\", attachment_type=AttachmentType.PNG)\n  File \"C:\\Users\\akankshyad\\AppData\\Local\\Programs\\Python\\Python310\\lib\\site-packages\\selenium\\webdriver\\remote\\webdriver.py\", line 965, in get_screenshot_as_png\n    return b64decode(self.get_screenshot_as_base64().encode(\"ascii\"))\n  File \"C:\\Users\\akankshyad\\AppData\\Local\\Programs\\Python\\Python310\\lib\\site-packages\\selenium\\webdriver\\remote\\webdriver.py\", line 977, in get_screenshot_as_base64\n    return self.execute(Command.SCREENSHOT)[\"value\"]\n  File \"C:\\Users\\akankshyad\\AppData\\Local\\Programs\\Python\\Python310\\lib\\site-packages\\selenium\\webdriver\\remote\\webdriver.py\", line 444, in execute\n    self.error_handler.check_response(response)\n  File \"C:\\Users\\akankshyad\\AppData\\Local\\Programs\\Python\\Python310\\lib\\site-packages\\selenium\\webdriver\\remote\\errorhandler.py\", line 249, in check_response\n    raise exception_class(message, screen, stacktrace)\n"}, "steps": [{"name": "And click on rate & contracts", "status": "broken", "statusDetails": {"message": "selenium.common.exceptions.NoSuchWindowException: Message: no such window: target window already closed\nfrom unknown error: web view not found\n  (Session info: chrome=114.0.5735.199)\nStacktrace:\nBacktrace:\n\tGetHandleVerifier [0x010BA813+48355]\n\t(No symbol) [0x0104C4B1]\n\t(No symbol) [0x00F55358]\n\t(No symbol) [0x00F3D293]\n\t(No symbol) [0x00F9E37B]\n\t(No symbol) [0x00FAC473]\n\t(No symbol) [0x00F9A536]\n\t(No symbol) [0x00F782DC]\n\t(No symbol) [0x00F793DD]\n\tGetHandleVerifier [0x0131AABD+2539405]\n\tGetHandleVerifier [0x0135A78F+2800735]\n\tGetHandleVerifier [0x0135456C+2775612]\n\tGetHandleVerifier [0x011451E0+616112]\n\t(No symbol) [0x01055F8C]\n\t(No symbol) [0x01052328]\n\t(No symbol) [0x0105240B]\n\t(No symbol) [0x01044FF7]\n\tBaseThreadInitThunk [0x76476839+25]\n\tRtlGetFullPathName_UEx [0x7708906F+1215]\n\tRtlGetFullPathName_UEx [0x7708903D+1165]\n\n", "trace": "  File \"C:\\Users\\akankshyad\\AppData\\Local\\Programs\\Python\\Python310\\lib\\site-packages\\behave\\runner.py\", line 545, in run_hook\n    self.hooks[name](context, *args)\n  File \"Features\\environment.py\", line 75, in after_step\n    allure.attach(context.driver.get_screenshot_as_png(), name=\"screenshot\", attachment_type=AttachmentType.PNG)\n  File \"C:\\Users\\akankshyad\\AppData\\Local\\Programs\\Python\\Python310\\lib\\site-packages\\selenium\\webdriver\\remote\\webdriver.py\", line 965, in get_screenshot_as_png\n    return b64decode(self.get_screenshot_as_base64().encode(\"ascii\"))\n  File \"C:\\Users\\akankshyad\\AppData\\Local\\Programs\\Python\\Python310\\lib\\site-packages\\selenium\\webdriver\\remote\\webdriver.py\", line 977, in get_screenshot_as_base64\n    return self.execute(Command.SCREENSHOT)[\"value\"]\n  File \"C:\\Users\\akankshyad\\AppData\\Local\\Programs\\Python\\Python310\\lib\\site-packages\\selenium\\webdriver\\remote\\webdriver.py\", line 444, in execute\n    self.error_handler.check_response(response)\n  File \"C:\\Users\\akankshyad\\AppData\\Local\\Programs\\Python\\Python310\\lib\\site-packages\\selenium\\webdriver\\remote\\errorhandler.py\", line 249, in check_response\n    raise exception_class(message, screen, stacktrace)\n"}, "start": 1717046727897, "stop": 1717046727904}, {"name": "Then Click on contract", "status": "skipped", "start": 1717046727907, "stop": 1717046727907}, {"name": "And choose carrier from the drop down", "status": "skipped", "start": 1717046727907, "stop": 1717046727907}, {"name": "Then Click on contract filter button", "status": "broken", "statusDetails": {"message": "\nYou can implement step definitions for undefined steps with these snippets:\n\n@then(u'Click on contract filter button')\ndef step_impl(context):\n    raise NotImplementedError(u'STEP: Then Click on contract filter button')\n\n"}, "start": 1717046727907, "stop": 1717046727907}, {"name": "And enter contract number in contract number field", "status": "broken", "statusDetails": {"message": "\nYou can implement step definitions for undefined steps with these snippets:\n\n@then(u'enter contract number in contract number field')\ndef step_impl(context):\n    raise NotImplementedError(u'STEP: Then enter contract number in contract number field')\n\n"}, "start": 1717046727907, "stop": 1717046727907}, {"name": "And Uncheck the approved only Checkbox", "status": "broken", "statusDetails": {"message": "\nYou can implement step definitions for undefined steps with these snippets:\n\n@then(u'Uncheck the approved only Checkbox')\ndef step_impl(context):\n    raise NotImplementedError(u'STEP: Then Uncheck the approved only Checkbox')\n\n"}, "start": 1717046727907, "stop": 1717046727907}, {"name": "Then search the unapproved contract", "status": "broken", "statusDetails": {"message": "\nYou can implement step definitions for undefined steps with these snippets:\n\n@then(u'search the unapproved contract')\ndef step_impl(context):\n    raise NotImplementedError(u'STEP: Then search the unapproved contract')\n\n"}, "start": 1717046727907, "stop": 1717046727907}, {"name": "And click on assign rates", "status": "broken", "statusDetails": {"message": "\nYou can implement step definitions for undefined steps with these snippets:\n\n@then(u'click on assign rates')\ndef step_impl(context):\n    raise NotImplementedError(u'STEP: Then click on assign rates')\n\n"}, "start": 1717046727907, "stop": 1717046727907}, {"name": "And click on rate Card from dropdown list", "status": "broken", "statusDetails": {"message": "\nYou can implement step definitions for undefined steps with these snippets:\n\n@then(u'click on rate Card from dropdown list')\ndef step_impl(context):\n    raise NotImplementedError(u'STEP: Then click on rate Card from dropdown list')\n\n"}, "start": 1717046727907, "stop": 1717046727907}, {"name": "And click on Assign", "status": "broken", "statusDetails": {"message": "\nYou can implement step definitions for undefined steps with these snippets:\n\n@then(u'click on Assign')\ndef step_impl(context):\n    raise NotImplementedError(u'STEP: Then click on Assign')\n\n"}, "start": 1717046727907, "stop": 1717046727907}, {"name": "And verify the approval history \"Approved Revision\"", "status": "skipped", "start": 1717046727907, "stop": 1717046727907}], "parameters": [{"name": "status", "value": "Approved Revision"}, {"name": "message", "value": "Approved Revision"}], "start": 1717046726886, "stop": 1717046727907, "uuid": "d3943a1c-e184-4206-ba59-e61ec594cc21", "historyId": "68c853825f9624f65b78f442425548b0", "fullName": "Verify the TMS functionality: The user should be able to assign rate to the carrier sucessfully", "labels": [{"name": "severity", "value": "normal"}, {"name": "tag", "value": "Carrier_AssignTO_Ratecard"}, {"name": "feature", "value": "Verify the TMS functionality"}, {"name": "framework", "value": "behave"}, {"name": "language", "value": "cpython3"}]}