{"name": "The user should be able to login to the application successfully -- @1.1 ", "status": "broken", "statusDetails": {"message": "selenium.common.exceptions.NoSuchWindowException: Message: no such window: target window already closed\nfrom unknown error: web view not found\n  (Session info: chrome=114.0.5735.199)\nStacktrace:\nBacktrace:\n\tGetHandleVerifier [0x005CA813+48355]\n\t(No symbol) [0x0055C4B1]\n\t(No symbol) [0x00465358]\n\t(No symbol) [0x0044D293]\n\t(No symbol) [0x004AE37B]\n\t(No symbol) [0x004BC473]\n\t(No symbol) [0x004AA536]\n\t(No symbol) [0x004882DC]\n\t(No symbol) [0x004893DD]\n\tGetHandleVerifier [0x0082AABD+2539405]\n\tGetHandleVerifier [0x0086A78F+2800735]\n\tGetHandleVerifier [0x0086456C+2775612]\n\tGetHandleVerifier [0x006551E0+616112]\n\t(No symbol) [0x00565F8C]\n\t(No symbol) [0x00562328]\n\t(No symbol) [0x0056240B]\n\t(No symbol) [0x00554FF7]\n\tBaseThreadInitThunk [0x76476839+25]\n\tRtlGetFullPathName_UEx [0x7708906F+1215]\n\tRtlGetFullPathName_UEx [0x7708903D+1165]\n\n", "trace": "  File \"C:\\Users\\akankshyad\\AppData\\Local\\Programs\\Python\\Python310\\lib\\site-packages\\behave\\runner.py\", line 545, in run_hook\n    self.hooks[name](context, *args)\n  File \"Features\\environment.py\", line 75, in after_step\n    allure.attach(context.driver.get_screenshot_as_png(), name=\"screenshot\", attachment_type=AttachmentType.PNG)\n  File \"C:\\Users\\akankshyad\\AppData\\Local\\Programs\\Python\\Python310\\lib\\site-packages\\selenium\\webdriver\\remote\\webdriver.py\", line 965, in get_screenshot_as_png\n    return b64decode(self.get_screenshot_as_base64().encode(\"ascii\"))\n  File \"C:\\Users\\akankshyad\\AppData\\Local\\Programs\\Python\\Python310\\lib\\site-packages\\selenium\\webdriver\\remote\\webdriver.py\", line 977, in get_screenshot_as_base64\n    return self.execute(Command.SCREENSHOT)[\"value\"]\n  File \"C:\\Users\\akankshyad\\AppData\\Local\\Programs\\Python\\Python310\\lib\\site-packages\\selenium\\webdriver\\remote\\webdriver.py\", line 444, in execute\n    self.error_handler.check_response(response)\n  File \"C:\\Users\\akankshyad\\AppData\\Local\\Programs\\Python\\Python310\\lib\\site-packages\\selenium\\webdriver\\remote\\errorhandler.py\", line 249, in check_response\n    raise exception_class(message, screen, stacktrace)\n"}, "steps": [{"name": "Given launch the \"https://192.168.0.84\"", "status": "passed", "start": 1716787113096, "stop": 1716787128666}, {"name": "Then Provide the username \"jenny1\" in the username field", "status": "passed", "start": 1716787128666, "stop": 1716787143348}, {"name": "Then Click on Proceed", "status": "passed", "start": 1716787143348, "stop": 1716787146430}, {"name": "And Provide the Password \"12345\" in the Password field", "status": "passed", "attachments": [{"name": "LoginPage", "source": "e85cc6d8-c4ee-4ab3-84d0-93f7abaa6aaf-attachment.png", "type": "image/png"}], "start": 1716787146431, "stop": 1716787148225}, {"name": "And Click on the LoginIn button", "status": "passed", "start": 1716787148226, "stop": 1716787151256}, {"name": "And Mouse Hover and Click on Dashboard Menu", "status": "broken", "statusDetails": {"message": "selenium.common.exceptions.NoSuchWindowException: Message: no such window: target window already closed\nfrom unknown error: web view not found\n  (Session info: chrome=114.0.5735.199)\nStacktrace:\nBacktrace:\n\tGetHandleVerifier [0x005CA813+48355]\n\t(No symbol) [0x0055C4B1]\n\t(No symbol) [0x00465358]\n\t(No symbol) [0x0044D293]\n\t(No symbol) [0x004AE37B]\n\t(No symbol) [0x004BC473]\n\t(No symbol) [0x004AA536]\n\t(No symbol) [0x004882DC]\n\t(No symbol) [0x004893DD]\n\tGetHandleVerifier [0x0082AABD+2539405]\n\tGetHandleVerifier [0x0086A78F+2800735]\n\tGetHandleVerifier [0x0086456C+2775612]\n\tGetHandleVerifier [0x006551E0+616112]\n\t(No symbol) [0x00565F8C]\n\t(No symbol) [0x00562328]\n\t(No symbol) [0x0056240B]\n\t(No symbol) [0x00554FF7]\n\tBaseThreadInitThunk [0x76476839+25]\n\tRtlGetFullPathName_UEx [0x7708906F+1215]\n\tRtlGetFullPathName_UEx [0x7708903D+1165]\n\n", "trace": "  File \"C:\\Users\\akankshyad\\AppData\\Local\\Programs\\Python\\Python310\\lib\\site-packages\\behave\\runner.py\", line 545, in run_hook\n    self.hooks[name](context, *args)\n  File \"Features\\environment.py\", line 75, in after_step\n    allure.attach(context.driver.get_screenshot_as_png(), name=\"screenshot\", attachment_type=AttachmentType.PNG)\n  File \"C:\\Users\\akankshyad\\AppData\\Local\\Programs\\Python\\Python310\\lib\\site-packages\\selenium\\webdriver\\remote\\webdriver.py\", line 965, in get_screenshot_as_png\n    return b64decode(self.get_screenshot_as_base64().encode(\"ascii\"))\n  File \"C:\\Users\\akankshyad\\AppData\\Local\\Programs\\Python\\Python310\\lib\\site-packages\\selenium\\webdriver\\remote\\webdriver.py\", line 977, in get_screenshot_as_base64\n    return self.execute(Command.SCREENSHOT)[\"value\"]\n  File \"C:\\Users\\akankshyad\\AppData\\Local\\Programs\\Python\\Python310\\lib\\site-packages\\selenium\\webdriver\\remote\\webdriver.py\", line 444, in execute\n    self.error_handler.check_response(response)\n  File \"C:\\Users\\akankshyad\\AppData\\Local\\Programs\\Python\\Python310\\lib\\site-packages\\selenium\\webdriver\\remote\\errorhandler.py\", line 249, in check_response\n    raise exception_class(message, screen, stacktrace)\n"}, "start": 1716787151256, "stop": 1716787152638}, {"name": "And Mouse Hover and Click on Delivery Timeliness", "status": "skipped", "start": 1716787152640, "stop": 1716787152640}, {"name": "And Mouse Hover and Click on Dashboard", "status": "skipped", "start": 1716787152640, "stop": 1716787152640}, {"name": "And Uncheck the ETD field in filter", "status": "skipped", "start": 1716787152640, "stop": 1716787152640}, {"name": "And Uncheck the ETA field in filter", "status": "skipped", "start": 1716787152640, "stop": 1716787152640}, {"name": "And Click on Apply button", "status": "skipped", "start": 1716787152640, "stop": 1716787152640}, {"name": "And Click on Close button", "status": "skipped", "start": 1716787152640, "stop": 1716787152640}], "parameters": [{"name": "TMS_Url", "value": "https://192.168.0.84"}, {"name": "UserID", "value": "jenny1"}, {"name": "Password", "value": "12345"}], "start": 1716787112086, "stop": 1716787152640, "uuid": "a5feeac6-236a-4841-a046-0079474f651f", "historyId": "fe13aed332b7154a9c9ecf991722546d", "fullName": "Verify the TMS functionality: The user should be able to login to the application successfully", "labels": [{"name": "severity", "value": "normal"}, {"name": "tag", "value": "LoginPage"}, {"name": "feature", "value": "Verify the TMS functionality"}, {"name": "framework", "value": "behave"}, {"name": "language", "value": "cpython3"}]}