{"name": "The user should be able to create Rate card sucessfully -- @1.1 ", "status": "broken", "statusDetails": {"message": "selenium.common.exceptions.NoSuchWindowException: Message: no such window: target window already closed\nfrom unknown error: web view not found\n  (Session info: chrome=114.0.5735.199)\nStacktrace:\nBacktrace:\n\tGetHandleVerifier [0x010BA813+48355]\n\t(No symbol) [0x0104C4B1]\n\t(No symbol) [0x00F55358]\n\t(No symbol) [0x00F3D293]\n\t(No symbol) [0x00F9E37B]\n\t(No symbol) [0x00FAC473]\n\t(No symbol) [0x00F9A536]\n\t(No symbol) [0x00F782DC]\n\t(No symbol) [0x00F793DD]\n\tGetHandleVerifier [0x0131AABD+2539405]\n\tGetHandleVerifier [0x0135A78F+2800735]\n\tGetHandleVerifier [0x0135456C+2775612]\n\tGetHandleVerifier [0x011451E0+616112]\n\t(No symbol) [0x01055F8C]\n\t(No symbol) [0x01052328]\n\t(No symbol) [0x0105240B]\n\t(No symbol) [0x01044FF7]\n\tBaseThreadInitThunk [0x76476839+25]\n\tRtlGetFullPathName_UEx [0x7708906F+1215]\n\tRtlGetFullPathName_UEx [0x7708903D+1165]\n\n", "trace": "  File \"C:\\Users\\akankshyad\\AppData\\Local\\Programs\\Python\\Python310\\lib\\site-packages\\behave\\runner.py\", line 545, in run_hook\n    self.hooks[name](context, *args)\n  File \"Features\\environment.py\", line 75, in after_step\n    allure.attach(context.driver.get_screenshot_as_png(), name=\"screenshot\", attachment_type=AttachmentType.PNG)\n  File \"C:\\Users\\akankshyad\\AppData\\Local\\Programs\\Python\\Python310\\lib\\site-packages\\selenium\\webdriver\\remote\\webdriver.py\", line 965, in get_screenshot_as_png\n    return b64decode(self.get_screenshot_as_base64().encode(\"ascii\"))\n  File \"C:\\Users\\akankshyad\\AppData\\Local\\Programs\\Python\\Python310\\lib\\site-packages\\selenium\\webdriver\\remote\\webdriver.py\", line 977, in get_screenshot_as_base64\n    return self.execute(Command.SCREENSHOT)[\"value\"]\n  File \"C:\\Users\\akankshyad\\AppData\\Local\\Programs\\Python\\Python310\\lib\\site-packages\\selenium\\webdriver\\remote\\webdriver.py\", line 444, in execute\n    self.error_handler.check_response(response)\n  File \"C:\\Users\\akankshyad\\AppData\\Local\\Programs\\Python\\Python310\\lib\\site-packages\\selenium\\webdriver\\remote\\errorhandler.py\", line 249, in check_response\n    raise exception_class(message, screen, stacktrace)\n"}, "steps": [{"name": "And click on rate & contracts", "status": "broken", "statusDetails": {"message": "selenium.common.exceptions.NoSuchWindowException: Message: no such window: target window already closed\nfrom unknown error: web view not found\n  (Session info: chrome=114.0.5735.199)\nStacktrace:\nBacktrace:\n\tGetHandleVerifier [0x010BA813+48355]\n\t(No symbol) [0x0104C4B1]\n\t(No symbol) [0x00F55358]\n\t(No symbol) [0x00F3D293]\n\t(No symbol) [0x00F9E37B]\n\t(No symbol) [0x00FAC473]\n\t(No symbol) [0x00F9A536]\n\t(No symbol) [0x00F782DC]\n\t(No symbol) [0x00F793DD]\n\tGetHandleVerifier [0x0131AABD+2539405]\n\tGetHandleVerifier [0x0135A78F+2800735]\n\tGetHandleVerifier [0x0135456C+2775612]\n\tGetHandleVerifier [0x011451E0+616112]\n\t(No symbol) [0x01055F8C]\n\t(No symbol) [0x01052328]\n\t(No symbol) [0x0105240B]\n\t(No symbol) [0x01044FF7]\n\tBaseThreadInitThunk [0x76476839+25]\n\tRtlGetFullPathName_UEx [0x7708906F+1215]\n\tRtlGetFullPathName_UEx [0x7708903D+1165]\n\n", "trace": "  File \"C:\\Users\\akankshyad\\AppData\\Local\\Programs\\Python\\Python310\\lib\\site-packages\\behave\\runner.py\", line 545, in run_hook\n    self.hooks[name](context, *args)\n  File \"Features\\environment.py\", line 75, in after_step\n    allure.attach(context.driver.get_screenshot_as_png(), name=\"screenshot\", attachment_type=AttachmentType.PNG)\n  File \"C:\\Users\\akankshyad\\AppData\\Local\\Programs\\Python\\Python310\\lib\\site-packages\\selenium\\webdriver\\remote\\webdriver.py\", line 965, in get_screenshot_as_png\n    return b64decode(self.get_screenshot_as_base64().encode(\"ascii\"))\n  File \"C:\\Users\\akankshyad\\AppData\\Local\\Programs\\Python\\Python310\\lib\\site-packages\\selenium\\webdriver\\remote\\webdriver.py\", line 977, in get_screenshot_as_base64\n    return self.execute(Command.SCREENSHOT)[\"value\"]\n  File \"C:\\Users\\akankshyad\\AppData\\Local\\Programs\\Python\\Python310\\lib\\site-packages\\selenium\\webdriver\\remote\\webdriver.py\", line 444, in execute\n    self.error_handler.check_response(response)\n  File \"C:\\Users\\akankshyad\\AppData\\Local\\Programs\\Python\\Python310\\lib\\site-packages\\selenium\\webdriver\\remote\\errorhandler.py\", line 249, in check_response\n    raise exception_class(message, screen, stacktrace)\n"}, "start": 1717046719533, "stop": 1717046723762}, {"name": "And click on Rates", "status": "skipped", "start": 1717046723766, "stop": 1717046723766}, {"name": "And click on Rate Cards", "status": "skipped", "start": 1717046723766, "stop": 1717046723766}, {"name": "And click on create Rate Card", "status": "skipped", "start": 1717046723766, "stop": 1717046723766}, {"name": "And Enter \"ESSPL_KART\" in Rate Card name field", "status": "skipped", "start": 1717046723766, "stop": 1717046723766}, {"name": "And Select Rate \"Spot\" in Rate type field", "status": "skipped", "start": 1717046723767, "stop": 1717046723767}, {"name": "And Enter carrrier name in rate_card carrier field", "status": "skipped", "start": 1717046723767, "stop": 1717046723767}, {"name": "And Select \"Innovative Apparels\" from the Customer dropdown", "status": "skipped", "start": 1717046723767, "stop": 1717046723767}, {"name": "And Select \"FCL\" from the Service dropdown", "status": "skipped", "start": 1717046723767, "stop": 1717046723767}, {"name": "And Select \"Free Carrier\" from the Inco dropdown", "status": "skipped", "start": 1717046723767, "stop": 1717046723767}, {"name": "And Select \"Collect\" from the Payment dropdown", "status": "skipped", "start": 1717046723767, "stop": 1717046723767}, {"name": "And select date for rate validity", "status": "skipped", "start": 1717046723767, "stop": 1717046723767}, {"name": "And Enter \"123456\" in Named Account field", "status": "skipped", "start": 1717046723767, "stop": 1717046723767}, {"name": "And click on save button for rates", "status": "skipped", "start": 1717046723767, "stop": 1717046723767}, {"name": "And verify the rate save \"Rate card  created successfully.\"", "status": "skipped", "start": 1717046723767, "stop": 1717046723767}, {"name": "And import the rate card file", "status": "skipped", "start": 1717046723767, "stop": 1717046723767}, {"name": "And verify the rate card \"Rate card upload is in processing state.\"", "status": "skipped", "start": 1717046723767, "stop": 1717046723767}], "parameters": [{"name": "Name", "value": "ESSPL_KART"}, {"name": "type", "value": "Spot"}, {"name": "customer name", "value": "Innovative Apparels"}, {"name": "ServiceType", "value": "FCL"}, {"name": "IncoTerms", "value": "Free Carrier"}, {"name": "PaymentTerms", "value": "Collect"}, {"name": "account", "value": "123456"}, {"name": "message", "value": "Rate card  created successfully."}, {"name": "Uploadmessage", "value": "Rate card upload is in processing state."}], "start": 1717046718527, "stop": 1717046723767, "uuid": "3b479932-7610-4bb0-bbb6-ff0cbadff98f", "historyId": "bf2f2ff158ce5700db974cc5753bc512", "fullName": "Verify the TMS functionality: The user should be able to create Rate card sucessfully", "labels": [{"name": "severity", "value": "normal"}, {"name": "tag", "value": "Rate_Cards"}, {"name": "feature", "value": "Verify the TMS functionality"}, {"name": "framework", "value": "behave"}, {"name": "language", "value": "cpython3"}]}